<?xml version="1.0" encoding="UTF-8"?>
<testsuite xmlns:xsi="http://www.w3.org/2001/XMLSchema-instance" xsi:noNamespaceSchemaLocation="https://maven.apache.org/surefire/maven-surefire-plugin/xsd/surefire-test-report.xsd" name="TestSuite" time="0.978" tests="76" errors="0" skipped="75" failures="1">
  <properties>
    <property name="gopherProxySet" value="false"/>
    <property name="awt.toolkit" value="sun.lwawt.macosx.LWCToolkit"/>
    <property name="file.encoding.pkg" value="sun.io"/>
    <property name="java.specification.version" value="1.8"/>
    <property name="sun.cpu.isalist" value=""/>
    <property name="sun.jnu.encoding" value="UTF-8"/>
    <property name="java.class.path" value="/Users/shafiqul/Testing Training/PeopleNTECHT/SeleniumTraining2018_March/WEB-AUTOMATION-FRAMEWORK/HealthInsurance/target/test-classes:/Users/shafiqul/Testing Training/PeopleNTECHT/SeleniumTraining2018_March/WEB-AUTOMATION-FRAMEWORK/HealthInsurance/target/classes:/Users/shafiqul/Testing Training/PeopleNTECHT/SeleniumTraining2018_March/WEB-AUTOMATION-FRAMEWORK/GENERIC_MODULE/target/GENERIC-MODULE-1.0-SNAPSHOT.jar:/Users/shafiqul/.m2/repository/org/testng/testng/6.13.1/testng-6.13.1.jar:/Users/shafiqul/.m2/repository/com/beust/jcommander/1.72/jcommander-1.72.jar:/Users/shafiqul/.m2/repository/org/seleniumhq/selenium/selenium-java/3.7.1/selenium-java-3.7.1.jar:/Users/shafiqul/.m2/repository/org/seleniumhq/selenium/selenium-api/3.7.1/selenium-api-3.7.1.jar:/Users/shafiqul/.m2/repository/org/seleniumhq/selenium/selenium-chrome-driver/3.7.1/selenium-chrome-driver-3.7.1.jar:/Users/shafiqul/.m2/repository/org/seleniumhq/selenium/selenium-edge-driver/3.7.1/selenium-edge-driver-3.7.1.jar:/Users/shafiqul/.m2/repository/org/seleniumhq/selenium/selenium-firefox-driver/3.7.1/selenium-firefox-driver-3.7.1.jar:/Users/shafiqul/.m2/repository/org/seleniumhq/selenium/selenium-ie-driver/3.7.1/selenium-ie-driver-3.7.1.jar:/Users/shafiqul/.m2/repository/org/seleniumhq/selenium/selenium-opera-driver/3.7.1/selenium-opera-driver-3.7.1.jar:/Users/shafiqul/.m2/repository/org/seleniumhq/selenium/selenium-remote-driver/3.7.1/selenium-remote-driver-3.7.1.jar:/Users/shafiqul/.m2/repository/org/seleniumhq/selenium/selenium-safari-driver/3.7.1/selenium-safari-driver-3.7.1.jar:/Users/shafiqul/.m2/repository/org/seleniumhq/selenium/selenium-support/3.7.1/selenium-support-3.7.1.jar:/Users/shafiqul/.m2/repository/net/bytebuddy/byte-buddy/1.7.5/byte-buddy-1.7.5.jar:/Users/shafiqul/.m2/repository/org/apache/commons/commons-exec/1.3/commons-exec-1.3.jar:/Users/shafiqul/.m2/repository/commons-codec/commons-codec/1.10/commons-codec-1.10.jar:/Users/shafiqul/.m2/repository/commons-logging/commons-logging/1.2/commons-logging-1.2.jar:/Users/shafiqul/.m2/repository/com/google/code/gson/gson/2.8.2/gson-2.8.2.jar:/Users/shafiqul/.m2/repository/com/google/guava/guava/23.0/guava-23.0.jar:/Users/shafiqul/.m2/repository/com/google/code/findbugs/jsr305/1.3.9/jsr305-1.3.9.jar:/Users/shafiqul/.m2/repository/com/google/errorprone/error_prone_annotations/2.0.18/error_prone_annotations-2.0.18.jar:/Users/shafiqul/.m2/repository/com/google/j2objc/j2objc-annotations/1.1/j2objc-annotations-1.1.jar:/Users/shafiqul/.m2/repository/org/codehaus/mojo/animal-sniffer-annotations/1.14/animal-sniffer-annotations-1.14.jar:/Users/shafiqul/.m2/repository/org/apache/httpcomponents/httpclient/4.5.3/httpclient-4.5.3.jar:/Users/shafiqul/.m2/repository/org/apache/httpcomponents/httpcore/4.4.6/httpcore-4.4.6.jar:/Users/shafiqul/.m2/repository/org/seleniumhq/selenium/selenium-server/3.7.1/selenium-server-3.7.1.jar:/Users/shafiqul/.m2/repository/org/apache/commons/commons-lang3/3.5/commons-lang3-3.5.jar:/Users/shafiqul/.m2/repository/commons-io/commons-io/2.5/commons-io-2.5.jar:/Users/shafiqul/.m2/repository/org/w3c/css/sac/1.3/sac-1.3.jar:/Users/shafiqul/.m2/repository/net/sourceforge/cssparser/cssparser/0.9.23/cssparser-0.9.23.jar:/Users/shafiqul/.m2/repository/net/sourceforge/htmlunit/htmlunit/2.27/htmlunit-2.27.jar:/Users/shafiqul/.m2/repository/net/sourceforge/htmlunit/htmlunit-core-js/2.27/htmlunit-core-js-2.27.jar:/Users/shafiqul/.m2/repository/net/sourceforge/htmlunit/neko-htmlunit/2.27/neko-htmlunit-2.27.jar:/Users/shafiqul/.m2/repository/org/apache/httpcomponents/httpmime/4.5.3/httpmime-4.5.3.jar:/Users/shafiqul/.m2/repository/net/jcip/jcip-annotations/1.0/jcip-annotations-1.0.jar:/Users/shafiqul/.m2/repository/org/seleniumhq/selenium/jetty-repacked/9.4.5.v20170502/jetty-repacked-9.4.5.v20170502.jar:/Users/shafiqul/.m2/repository/org/eclipse/jetty/jetty-client/9.4.5.v20170502/jetty-client-9.4.5.v20170502.jar:/Users/shafiqul/.m2/repository/org/eclipse/jetty/jetty-http/9.4.5.v20170502/jetty-http-9.4.5.v20170502.jar:/Users/shafiqul/.m2/repository/org/eclipse/jetty/jetty-io/9.4.5.v20170502/jetty-io-9.4.5.v20170502.jar:/Users/shafiqul/.m2/repository/org/eclipse/jetty/jetty-util/9.4.5.v20170502/jetty-util-9.4.5.v20170502.jar:/Users/shafiqul/.m2/repository/com/codeborne/phantomjsdriver/1.4.0/phantomjsdriver-1.4.0.jar:/Users/shafiqul/.m2/repository/org/seleniumhq/selenium/htmlunit-driver/2.27/htmlunit-driver-2.27.jar:/Users/shafiqul/.m2/repository/javax/servlet/javax.servlet-api/3.1.0/javax.servlet-api-3.1.0.jar:/Users/shafiqul/.m2/repository/org/eclipse/jetty/websocket/websocket-api/9.4.5.v20170502/websocket-api-9.4.5.v20170502.jar:/Users/shafiqul/.m2/repository/org/eclipse/jetty/websocket/websocket-client/9.4.5.v20170502/websocket-client-9.4.5.v20170502.jar:/Users/shafiqul/.m2/repository/org/eclipse/jetty/websocket/websocket-common/9.4.5.v20170502/websocket-common-9.4.5.v20170502.jar:/Users/shafiqul/.m2/repository/xalan/serializer/2.7.2/serializer-2.7.2.jar:/Users/shafiqul/.m2/repository/xalan/xalan/2.7.2/xalan-2.7.2.jar:/Users/shafiqul/.m2/repository/xerces/xercesImpl/2.11.0/xercesImpl-2.11.0.jar:/Users/shafiqul/.m2/repository/xml-apis/xml-apis/1.4.01/xml-apis-1.4.01.jar:/Users/shafiqul/.m2/repository/org/yaml/snakeyaml/1.15/snakeyaml-1.15.jar:/Users/shafiqul/.m2/repository/org/apache/poi/poi/3.17/poi-3.17.jar:/Users/shafiqul/.m2/repository/org/apache/commons/commons-collections4/4.1/commons-collections4-4.1.jar:/Users/shafiqul/.m2/repository/com/google/api-client/google-api-client/1.23.0/google-api-client-1.23.0.jar:/Users/shafiqul/.m2/repository/com/google/oauth-client/google-oauth-client/1.23.0/google-oauth-client-1.23.0.jar:/Users/shafiqul/.m2/repository/com/google/http-client/google-http-client/1.23.0/google-http-client-1.23.0.jar:/Users/shafiqul/.m2/repository/com/google/http-client/google-http-client-jackson2/1.23.0/google-http-client-jackson2-1.23.0.jar:/Users/shafiqul/.m2/repository/com/fasterxml/jackson/core/jackson-core/2.1.3/jackson-core-2.1.3.jar:/Users/shafiqul/.m2/repository/com/google/guava/guava-jdk5/17.0/guava-jdk5-17.0.jar:/Users/shafiqul/.m2/repository/com/google/oauth-client/google-oauth-client-jetty/1.23.0/google-oauth-client-jetty-1.23.0.jar:/Users/shafiqul/.m2/repository/com/google/oauth-client/google-oauth-client-java6/1.23.0/google-oauth-client-java6-1.23.0.jar:/Users/shafiqul/.m2/repository/org/mortbay/jetty/jetty/6.1.26/jetty-6.1.26.jar:/Users/shafiqul/.m2/repository/org/mortbay/jetty/jetty-util/6.1.26/jetty-util-6.1.26.jar:/Users/shafiqul/.m2/repository/org/mortbay/jetty/servlet-api/2.5-20081211/servlet-api-2.5-20081211.jar:/Users/shafiqul/.m2/repository/com/google/apis/google-api-services-sheets/v4-rev498-1.23.0/google-api-services-sheets-v4-rev498-1.23.0.jar:/Users/shafiqul/.m2/repository/mysql/mysql-connector-java/5.1.6/mysql-connector-java-5.1.6.jar:/Users/shafiqul/.m2/repository/org/mongodb/mongo-java-driver/3.6.0-beta1/mongo-java-driver-3.6.0-beta1.jar:/Users/shafiqul/.m2/repository/com/aventstack/extentreports/3.0.7/extentreports-3.0.7.jar:/Users/shafiqul/.m2/repository/org/freemarker/freemarker/2.3.23/freemarker-2.3.23.jar:/Users/shafiqul/.m2/repository/org/mongodb/mongodb-driver/3.3.0/mongodb-driver-3.3.0.jar:/Users/shafiqul/.m2/repository/org/mongodb/bson/3.3.0/bson-3.3.0.jar:/Users/shafiqul/.m2/repository/org/mongodb/mongodb-driver-core/3.3.0/mongodb-driver-core-3.3.0.jar:/Users/shafiqul/.m2/repository/org/jsoup/jsoup/1.9.2/jsoup-1.9.2.jar:/Users/shafiqul/.m2/repository/com/relevantcodes/extentreports/2.41.1/extentreports-2.41.1.jar:/Users/shafiqul/.m2/repository/org/xerial/sqlite-jdbc/3.8.11.1/sqlite-jdbc-3.8.11.1.jar:/Users/shafiqul/.m2/repository/org/apache/maven/plugins/maven-surefire-plugin/2.20.1/maven-surefire-plugin-2.20.1.jar:/Users/shafiqul/.m2/repository/org/apache/maven/surefire/maven-surefire-common/2.20.1/maven-surefire-common-2.20.1.jar:/Users/shafiqul/.m2/repository/org/apache/maven/maven-plugin-api/2.2.1/maven-plugin-api-2.2.1.jar:/Users/shafiqul/.m2/repository/org/apache/maven/plugin-tools/maven-plugin-annotations/3.3/maven-plugin-annotations-3.3.jar:/Users/shafiqul/.m2/repository/org/apache/maven/surefire/surefire-api/2.20.1/surefire-api-2.20.1.jar:/Users/shafiqul/.m2/repository/org/apache/maven/surefire/surefire-logger-api/2.20.1/surefire-logger-api-2.20.1.jar:/Users/shafiqul/.m2/repository/org/apache/maven/surefire/surefire-booter/2.20.1/surefire-booter-2.20.1.jar:/Users/shafiqul/.m2/repository/org/apache/maven/maven-artifact/2.2.1/maven-artifact-2.2.1.jar:/Users/shafiqul/.m2/repository/org/codehaus/plexus/plexus-utils/1.5.15/plexus-utils-1.5.15.jar:/Users/shafiqul/.m2/repository/org/apache/maven/maven-plugin-descriptor/2.2.1/maven-plugin-descriptor-2.2.1.jar:/Users/shafiqul/.m2/repository/org/codehaus/plexus/plexus-container-default/1.0-alpha-9-stable-1/plexus-container-default-1.0-alpha-9-stable-1.jar:/Users/shafiqul/.m2/repository/junit/junit/3.8.1/junit-3.8.1.jar:/Users/shafiqul/.m2/repository/org/apache/maven/maven-project/2.2.1/maven-project-2.2.1.jar:/Users/shafiqul/.m2/repository/org/apache/maven/maven-settings/2.2.1/maven-settings-2.2.1.jar:/Users/shafiqul/.m2/repository/org/apache/maven/maven-profile/2.2.1/maven-profile-2.2.1.jar:/Users/shafiqul/.m2/repository/org/apache/maven/maven-artifact-manager/2.2.1/maven-artifact-manager-2.2.1.jar:/Users/shafiqul/.m2/repository/backport-util-concurrent/backport-util-concurrent/3.1/backport-util-concurrent-3.1.jar:/Users/shafiqul/.m2/repository/org/apache/maven/maven-plugin-registry/2.2.1/maven-plugin-registry-2.2.1.jar:/Users/shafiqul/.m2/repository/org/codehaus/plexus/plexus-interpolation/1.11/plexus-interpolation-1.11.jar:/Users/shafiqul/.m2/repository/org/apache/maven/maven-model/2.2.1/maven-model-2.2.1.jar:/Users/shafiqul/.m2/repository/org/apache/maven/maven-core/2.2.1/maven-core-2.2.1.jar:/Users/shafiqul/.m2/repository/org/apache/maven/maven-plugin-parameter-documenter/2.2.1/maven-plugin-parameter-documenter-2.2.1.jar:/Users/shafiqul/.m2/repository/org/apache/maven/wagon/wagon-http/1.0-beta-6/wagon-http-1.0-beta-6.jar:/Users/shafiqul/.m2/repository/org/apache/maven/wagon/wagon-http-shared/1.0-beta-6/wagon-http-shared-1.0-beta-6.jar:/Users/shafiqul/.m2/repository/nekohtml/xercesMinimal/1.9.6.2/xercesMinimal-1.9.6.2.jar:/Users/shafiqul/.m2/repository/nekohtml/nekohtml/1.9.6.2/nekohtml-1.9.6.2.jar:/Users/shafiqul/.m2/repository/commons-httpclient/commons-httpclient/3.1/commons-httpclient-3.1.jar:/Users/shafiqul/.m2/repository/org/apache/maven/wagon/wagon-webdav-jackrabbit/1.0-beta-6/wagon-webdav-jackrabbit-1.0-beta-6.jar:/Users/shafiqul/.m2/repository/org/apache/jackrabbit/jackrabbit-webdav/1.5.0/jackrabbit-webdav-1.5.0.jar:/Users/shafiqul/.m2/repository/org/apache/jackrabbit/jackrabbit-jcr-commons/1.5.0/jackrabbit-jcr-commons-1.5.0.jar:/Users/shafiqul/.m2/repository/org/slf4j/slf4j-nop/1.5.3/slf4j-nop-1.5.3.jar:/Users/shafiqul/.m2/repository/org/slf4j/slf4j-jdk14/1.5.6/slf4j-jdk14-1.5.6.jar:/Users/shafiqul/.m2/repository/org/slf4j/slf4j-api/1.5.6/slf4j-api-1.5.6.jar:/Users/shafiqul/.m2/repository/org/slf4j/jcl-over-slf4j/1.5.6/jcl-over-slf4j-1.5.6.jar:/Users/shafiqul/.m2/repository/org/apache/maven/reporting/maven-reporting-api/2.2.1/maven-reporting-api-2.2.1.jar:/Users/shafiqul/.m2/repository/org/apache/maven/doxia/doxia-logging-api/1.1/doxia-logging-api-1.1.jar:/Users/shafiqul/.m2/repository/org/apache/maven/wagon/wagon-provider-api/1.0-beta-6/wagon-provider-api-1.0-beta-6.jar:/Users/shafiqul/.m2/repository/org/apache/maven/maven-repository-metadata/2.2.1/maven-repository-metadata-2.2.1.jar:/Users/shafiqul/.m2/repository/org/apache/maven/maven-error-diagnostics/2.2.1/maven-error-diagnostics-2.2.1.jar:/Users/shafiqul/.m2/repository/org/apache/maven/maven-monitor/2.2.1/maven-monitor-2.2.1.jar:/Users/shafiqul/.m2/repository/classworlds/classworlds/1.1/classworlds-1.1.jar:/Users/shafiqul/.m2/repository/org/sonatype/plexus/plexus-sec-dispatcher/1.3/plexus-sec-dispatcher-1.3.jar:/Users/shafiqul/.m2/repository/org/sonatype/plexus/plexus-cipher/1.4/plexus-cipher-1.4.jar:/Users/shafiqul/.m2/repository/org/apache/maven/maven-toolchain/2.2.1/maven-toolchain-2.2.1.jar:/Users/shafiqul/.m2/repository/org/apache/maven/surefire/surefire-testng-utils/2.20.1/surefire-testng-utils-2.20.1.jar:/Users/shafiqul/.m2/repository/org/apache/maven/surefire/surefire-grouper/2.20.1/surefire-grouper-2.20.1.jar:"/>
    <property name="java.vm.vendor" value="Oracle Corporation"/>
    <property name="sun.arch.data.model" value="64"/>
    <property name="java.vendor.url" value="http://java.oracle.com/"/>
    <property name="user.timezone" value=""/>
    <property name="java.vm.specification.version" value="1.8"/>
    <property name="os.name" value="Mac OS X"/>
    <property name="user.country" value="AU"/>
    <property name="sun.java.launcher" value="SUN_STANDARD"/>
    <property name="sun.boot.library.path" value="/Library/Java/JavaVirtualMachines/jdk1.8.0_131.jdk/Contents/Home/jre/lib"/>
    <property name="sun.java.command" value="/Users/shafiqul/Testing Training/PeopleNTECHT/SeleniumTraining2018_March/WEB-AUTOMATION-FRAMEWORK/HealthInsurance/target/surefire/surefirebooter3290320723091128212.jar /Users/shafiqul/Testing Training/PeopleNTECHT/SeleniumTraining2018_March/WEB-AUTOMATION-FRAMEWORK/HealthInsurance/target/surefire 2018-05-08T11-31-29_942-jvmRun1 surefire532180013328449565tmp surefire_07697969088323853951tmp"/>
    <property name="http.nonProxyHosts" value="local|*.local|169.254/16|*.169.254/16"/>
    <property name="surefire.test.class.path" value="/Users/shafiqul/Testing Training/PeopleNTECHT/SeleniumTraining2018_March/WEB-AUTOMATION-FRAMEWORK/HealthInsurance/target/test-classes:/Users/shafiqul/Testing Training/PeopleNTECHT/SeleniumTraining2018_March/WEB-AUTOMATION-FRAMEWORK/HealthInsurance/target/classes:/Users/shafiqul/Testing Training/PeopleNTECHT/SeleniumTraining2018_March/WEB-AUTOMATION-FRAMEWORK/GENERIC_MODULE/target/GENERIC-MODULE-1.0-SNAPSHOT.jar:/Users/shafiqul/.m2/repository/org/testng/testng/6.13.1/testng-6.13.1.jar:/Users/shafiqul/.m2/repository/com/beust/jcommander/1.72/jcommander-1.72.jar:/Users/shafiqul/.m2/repository/org/seleniumhq/selenium/selenium-java/3.7.1/selenium-java-3.7.1.jar:/Users/shafiqul/.m2/repository/org/seleniumhq/selenium/selenium-api/3.7.1/selenium-api-3.7.1.jar:/Users/shafiqul/.m2/repository/org/seleniumhq/selenium/selenium-chrome-driver/3.7.1/selenium-chrome-driver-3.7.1.jar:/Users/shafiqul/.m2/repository/org/seleniumhq/selenium/selenium-edge-driver/3.7.1/selenium-edge-driver-3.7.1.jar:/Users/shafiqul/.m2/repository/org/seleniumhq/selenium/selenium-firefox-driver/3.7.1/selenium-firefox-driver-3.7.1.jar:/Users/shafiqul/.m2/repository/org/seleniumhq/selenium/selenium-ie-driver/3.7.1/selenium-ie-driver-3.7.1.jar:/Users/shafiqul/.m2/repository/org/seleniumhq/selenium/selenium-opera-driver/3.7.1/selenium-opera-driver-3.7.1.jar:/Users/shafiqul/.m2/repository/org/seleniumhq/selenium/selenium-remote-driver/3.7.1/selenium-remote-driver-3.7.1.jar:/Users/shafiqul/.m2/repository/org/seleniumhq/selenium/selenium-safari-driver/3.7.1/selenium-safari-driver-3.7.1.jar:/Users/shafiqul/.m2/repository/org/seleniumhq/selenium/selenium-support/3.7.1/selenium-support-3.7.1.jar:/Users/shafiqul/.m2/repository/net/bytebuddy/byte-buddy/1.7.5/byte-buddy-1.7.5.jar:/Users/shafiqul/.m2/repository/org/apache/commons/commons-exec/1.3/commons-exec-1.3.jar:/Users/shafiqul/.m2/repository/commons-codec/commons-codec/1.10/commons-codec-1.10.jar:/Users/shafiqul/.m2/repository/commons-logging/commons-logging/1.2/commons-logging-1.2.jar:/Users/shafiqul/.m2/repository/com/google/code/gson/gson/2.8.2/gson-2.8.2.jar:/Users/shafiqul/.m2/repository/com/google/guava/guava/23.0/guava-23.0.jar:/Users/shafiqul/.m2/repository/com/google/code/findbugs/jsr305/1.3.9/jsr305-1.3.9.jar:/Users/shafiqul/.m2/repository/com/google/errorprone/error_prone_annotations/2.0.18/error_prone_annotations-2.0.18.jar:/Users/shafiqul/.m2/repository/com/google/j2objc/j2objc-annotations/1.1/j2objc-annotations-1.1.jar:/Users/shafiqul/.m2/repository/org/codehaus/mojo/animal-sniffer-annotations/1.14/animal-sniffer-annotations-1.14.jar:/Users/shafiqul/.m2/repository/org/apache/httpcomponents/httpclient/4.5.3/httpclient-4.5.3.jar:/Users/shafiqul/.m2/repository/org/apache/httpcomponents/httpcore/4.4.6/httpcore-4.4.6.jar:/Users/shafiqul/.m2/repository/org/seleniumhq/selenium/selenium-server/3.7.1/selenium-server-3.7.1.jar:/Users/shafiqul/.m2/repository/org/apache/commons/commons-lang3/3.5/commons-lang3-3.5.jar:/Users/shafiqul/.m2/repository/commons-io/commons-io/2.5/commons-io-2.5.jar:/Users/shafiqul/.m2/repository/org/w3c/css/sac/1.3/sac-1.3.jar:/Users/shafiqul/.m2/repository/net/sourceforge/cssparser/cssparser/0.9.23/cssparser-0.9.23.jar:/Users/shafiqul/.m2/repository/net/sourceforge/htmlunit/htmlunit/2.27/htmlunit-2.27.jar:/Users/shafiqul/.m2/repository/net/sourceforge/htmlunit/htmlunit-core-js/2.27/htmlunit-core-js-2.27.jar:/Users/shafiqul/.m2/repository/net/sourceforge/htmlunit/neko-htmlunit/2.27/neko-htmlunit-2.27.jar:/Users/shafiqul/.m2/repository/org/apache/httpcomponents/httpmime/4.5.3/httpmime-4.5.3.jar:/Users/shafiqul/.m2/repository/net/jcip/jcip-annotations/1.0/jcip-annotations-1.0.jar:/Users/shafiqul/.m2/repository/org/seleniumhq/selenium/jetty-repacked/9.4.5.v20170502/jetty-repacked-9.4.5.v20170502.jar:/Users/shafiqul/.m2/repository/org/eclipse/jetty/jetty-client/9.4.5.v20170502/jetty-client-9.4.5.v20170502.jar:/Users/shafiqul/.m2/repository/org/eclipse/jetty/jetty-http/9.4.5.v20170502/jetty-http-9.4.5.v20170502.jar:/Users/shafiqul/.m2/repository/org/eclipse/jetty/jetty-io/9.4.5.v20170502/jetty-io-9.4.5.v20170502.jar:/Users/shafiqul/.m2/repository/org/eclipse/jetty/jetty-util/9.4.5.v20170502/jetty-util-9.4.5.v20170502.jar:/Users/shafiqul/.m2/repository/com/codeborne/phantomjsdriver/1.4.0/phantomjsdriver-1.4.0.jar:/Users/shafiqul/.m2/repository/org/seleniumhq/selenium/htmlunit-driver/2.27/htmlunit-driver-2.27.jar:/Users/shafiqul/.m2/repository/javax/servlet/javax.servlet-api/3.1.0/javax.servlet-api-3.1.0.jar:/Users/shafiqul/.m2/repository/org/eclipse/jetty/websocket/websocket-api/9.4.5.v20170502/websocket-api-9.4.5.v20170502.jar:/Users/shafiqul/.m2/repository/org/eclipse/jetty/websocket/websocket-client/9.4.5.v20170502/websocket-client-9.4.5.v20170502.jar:/Users/shafiqul/.m2/repository/org/eclipse/jetty/websocket/websocket-common/9.4.5.v20170502/websocket-common-9.4.5.v20170502.jar:/Users/shafiqul/.m2/repository/xalan/serializer/2.7.2/serializer-2.7.2.jar:/Users/shafiqul/.m2/repository/xalan/xalan/2.7.2/xalan-2.7.2.jar:/Users/shafiqul/.m2/repository/xerces/xercesImpl/2.11.0/xercesImpl-2.11.0.jar:/Users/shafiqul/.m2/repository/xml-apis/xml-apis/1.4.01/xml-apis-1.4.01.jar:/Users/shafiqul/.m2/repository/org/yaml/snakeyaml/1.15/snakeyaml-1.15.jar:/Users/shafiqul/.m2/repository/org/apache/poi/poi/3.17/poi-3.17.jar:/Users/shafiqul/.m2/repository/org/apache/commons/commons-collections4/4.1/commons-collections4-4.1.jar:/Users/shafiqul/.m2/repository/com/google/api-client/google-api-client/1.23.0/google-api-client-1.23.0.jar:/Users/shafiqul/.m2/repository/com/google/oauth-client/google-oauth-client/1.23.0/google-oauth-client-1.23.0.jar:/Users/shafiqul/.m2/repository/com/google/http-client/google-http-client/1.23.0/google-http-client-1.23.0.jar:/Users/shafiqul/.m2/repository/com/google/http-client/google-http-client-jackson2/1.23.0/google-http-client-jackson2-1.23.0.jar:/Users/shafiqul/.m2/repository/com/fasterxml/jackson/core/jackson-core/2.1.3/jackson-core-2.1.3.jar:/Users/shafiqul/.m2/repository/com/google/guava/guava-jdk5/17.0/guava-jdk5-17.0.jar:/Users/shafiqul/.m2/repository/com/google/oauth-client/google-oauth-client-jetty/1.23.0/google-oauth-client-jetty-1.23.0.jar:/Users/shafiqul/.m2/repository/com/google/oauth-client/google-oauth-client-java6/1.23.0/google-oauth-client-java6-1.23.0.jar:/Users/shafiqul/.m2/repository/org/mortbay/jetty/jetty/6.1.26/jetty-6.1.26.jar:/Users/shafiqul/.m2/repository/org/mortbay/jetty/jetty-util/6.1.26/jetty-util-6.1.26.jar:/Users/shafiqul/.m2/repository/org/mortbay/jetty/servlet-api/2.5-20081211/servlet-api-2.5-20081211.jar:/Users/shafiqul/.m2/repository/com/google/apis/google-api-services-sheets/v4-rev498-1.23.0/google-api-services-sheets-v4-rev498-1.23.0.jar:/Users/shafiqul/.m2/repository/mysql/mysql-connector-java/5.1.6/mysql-connector-java-5.1.6.jar:/Users/shafiqul/.m2/repository/org/mongodb/mongo-java-driver/3.6.0-beta1/mongo-java-driver-3.6.0-beta1.jar:/Users/shafiqul/.m2/repository/com/aventstack/extentreports/3.0.7/extentreports-3.0.7.jar:/Users/shafiqul/.m2/repository/org/freemarker/freemarker/2.3.23/freemarker-2.3.23.jar:/Users/shafiqul/.m2/repository/org/mongodb/mongodb-driver/3.3.0/mongodb-driver-3.3.0.jar:/Users/shafiqul/.m2/repository/org/mongodb/bson/3.3.0/bson-3.3.0.jar:/Users/shafiqul/.m2/repository/org/mongodb/mongodb-driver-core/3.3.0/mongodb-driver-core-3.3.0.jar:/Users/shafiqul/.m2/repository/org/jsoup/jsoup/1.9.2/jsoup-1.9.2.jar:/Users/shafiqul/.m2/repository/com/relevantcodes/extentreports/2.41.1/extentreports-2.41.1.jar:/Users/shafiqul/.m2/repository/org/xerial/sqlite-jdbc/3.8.11.1/sqlite-jdbc-3.8.11.1.jar:/Users/shafiqul/.m2/repository/org/apache/maven/plugins/maven-surefire-plugin/2.20.1/maven-surefire-plugin-2.20.1.jar:/Users/shafiqul/.m2/repository/org/apache/maven/surefire/maven-surefire-common/2.20.1/maven-surefire-common-2.20.1.jar:/Users/shafiqul/.m2/repository/org/apache/maven/maven-plugin-api/2.2.1/maven-plugin-api-2.2.1.jar:/Users/shafiqul/.m2/repository/org/apache/maven/plugin-tools/maven-plugin-annotations/3.3/maven-plugin-annotations-3.3.jar:/Users/shafiqul/.m2/repository/org/apache/maven/surefire/surefire-api/2.20.1/surefire-api-2.20.1.jar:/Users/shafiqul/.m2/repository/org/apache/maven/surefire/surefire-logger-api/2.20.1/surefire-logger-api-2.20.1.jar:/Users/shafiqul/.m2/repository/org/apache/maven/surefire/surefire-booter/2.20.1/surefire-booter-2.20.1.jar:/Users/shafiqul/.m2/repository/org/apache/maven/maven-artifact/2.2.1/maven-artifact-2.2.1.jar:/Users/shafiqul/.m2/repository/org/codehaus/plexus/plexus-utils/1.5.15/plexus-utils-1.5.15.jar:/Users/shafiqul/.m2/repository/org/apache/maven/maven-plugin-descriptor/2.2.1/maven-plugin-descriptor-2.2.1.jar:/Users/shafiqul/.m2/repository/org/codehaus/plexus/plexus-container-default/1.0-alpha-9-stable-1/plexus-container-default-1.0-alpha-9-stable-1.jar:/Users/shafiqul/.m2/repository/junit/junit/3.8.1/junit-3.8.1.jar:/Users/shafiqul/.m2/repository/org/apache/maven/maven-project/2.2.1/maven-project-2.2.1.jar:/Users/shafiqul/.m2/repository/org/apache/maven/maven-settings/2.2.1/maven-settings-2.2.1.jar:/Users/shafiqul/.m2/repository/org/apache/maven/maven-profile/2.2.1/maven-profile-2.2.1.jar:/Users/shafiqul/.m2/repository/org/apache/maven/maven-artifact-manager/2.2.1/maven-artifact-manager-2.2.1.jar:/Users/shafiqul/.m2/repository/backport-util-concurrent/backport-util-concurrent/3.1/backport-util-concurrent-3.1.jar:/Users/shafiqul/.m2/repository/org/apache/maven/maven-plugin-registry/2.2.1/maven-plugin-registry-2.2.1.jar:/Users/shafiqul/.m2/repository/org/codehaus/plexus/plexus-interpolation/1.11/plexus-interpolation-1.11.jar:/Users/shafiqul/.m2/repository/org/apache/maven/maven-model/2.2.1/maven-model-2.2.1.jar:/Users/shafiqul/.m2/repository/org/apache/maven/maven-core/2.2.1/maven-core-2.2.1.jar:/Users/shafiqul/.m2/repository/org/apache/maven/maven-plugin-parameter-documenter/2.2.1/maven-plugin-parameter-documenter-2.2.1.jar:/Users/shafiqul/.m2/repository/org/apache/maven/wagon/wagon-http/1.0-beta-6/wagon-http-1.0-beta-6.jar:/Users/shafiqul/.m2/repository/org/apache/maven/wagon/wagon-http-shared/1.0-beta-6/wagon-http-shared-1.0-beta-6.jar:/Users/shafiqul/.m2/repository/nekohtml/xercesMinimal/1.9.6.2/xercesMinimal-1.9.6.2.jar:/Users/shafiqul/.m2/repository/nekohtml/nekohtml/1.9.6.2/nekohtml-1.9.6.2.jar:/Users/shafiqul/.m2/repository/commons-httpclient/commons-httpclient/3.1/commons-httpclient-3.1.jar:/Users/shafiqul/.m2/repository/org/apache/maven/wagon/wagon-webdav-jackrabbit/1.0-beta-6/wagon-webdav-jackrabbit-1.0-beta-6.jar:/Users/shafiqul/.m2/repository/org/apache/jackrabbit/jackrabbit-webdav/1.5.0/jackrabbit-webdav-1.5.0.jar:/Users/shafiqul/.m2/repository/org/apache/jackrabbit/jackrabbit-jcr-commons/1.5.0/jackrabbit-jcr-commons-1.5.0.jar:/Users/shafiqul/.m2/repository/org/slf4j/slf4j-nop/1.5.3/slf4j-nop-1.5.3.jar:/Users/shafiqul/.m2/repository/org/slf4j/slf4j-jdk14/1.5.6/slf4j-jdk14-1.5.6.jar:/Users/shafiqul/.m2/repository/org/slf4j/slf4j-api/1.5.6/slf4j-api-1.5.6.jar:/Users/shafiqul/.m2/repository/org/slf4j/jcl-over-slf4j/1.5.6/jcl-over-slf4j-1.5.6.jar:/Users/shafiqul/.m2/repository/org/apache/maven/reporting/maven-reporting-api/2.2.1/maven-reporting-api-2.2.1.jar:/Users/shafiqul/.m2/repository/org/apache/maven/doxia/doxia-logging-api/1.1/doxia-logging-api-1.1.jar:/Users/shafiqul/.m2/repository/org/apache/maven/wagon/wagon-provider-api/1.0-beta-6/wagon-provider-api-1.0-beta-6.jar:/Users/shafiqul/.m2/repository/org/apache/maven/maven-repository-metadata/2.2.1/maven-repository-metadata-2.2.1.jar:/Users/shafiqul/.m2/repository/org/apache/maven/maven-error-diagnostics/2.2.1/maven-error-diagnostics-2.2.1.jar:/Users/shafiqul/.m2/repository/org/apache/maven/maven-monitor/2.2.1/maven-monitor-2.2.1.jar:/Users/shafiqul/.m2/repository/classworlds/classworlds/1.1/classworlds-1.1.jar:/Users/shafiqul/.m2/repository/org/sonatype/plexus/plexus-sec-dispatcher/1.3/plexus-sec-dispatcher-1.3.jar:/Users/shafiqul/.m2/repository/org/sonatype/plexus/plexus-cipher/1.4/plexus-cipher-1.4.jar:/Users/shafiqul/.m2/repository/org/apache/maven/maven-toolchain/2.2.1/maven-toolchain-2.2.1.jar:/Users/shafiqul/.m2/repository/org/apache/maven/surefire/surefire-testng-utils/2.20.1/surefire-testng-utils-2.20.1.jar:/Users/shafiqul/.m2/repository/org/apache/maven/surefire/surefire-grouper/2.20.1/surefire-grouper-2.20.1.jar:"/>
    <property name="sun.cpu.endian" value="little"/>
    <property name="user.home" value="/Users/shafiqul"/>
    <property name="user.language" value="en"/>
    <property name="java.specification.vendor" value="Oracle Corporation"/>
    <property name="java.home" value="/Library/Java/JavaVirtualMachines/jdk1.8.0_131.jdk/Contents/Home/jre"/>
    <property name="basedir" value="/Users/shafiqul/Testing Training/PeopleNTECHT/SeleniumTraining2018_March/WEB-AUTOMATION-FRAMEWORK/HealthInsurance"/>
    <property name="file.separator" value="/"/>
    <property name="line.separator" value="&#10;"/>
    <property name="java.vm.specification.vendor" value="Oracle Corporation"/>
    <property name="java.specification.name" value="Java Platform API Specification"/>
    <property name="java.awt.graphicsenv" value="sun.awt.CGraphicsEnvironment"/>
    <property name="surefire.real.class.path" value="/Users/shafiqul/Testing Training/PeopleNTECHT/SeleniumTraining2018_March/WEB-AUTOMATION-FRAMEWORK/HealthInsurance/target/surefire/surefirebooter3290320723091128212.jar"/>
    <property name="sun.boot.class.path" value="/Library/Java/JavaVirtualMachines/jdk1.8.0_131.jdk/Contents/Home/jre/lib/resources.jar:/Library/Java/JavaVirtualMachines/jdk1.8.0_131.jdk/Contents/Home/jre/lib/rt.jar:/Library/Java/JavaVirtualMachines/jdk1.8.0_131.jdk/Contents/Home/jre/lib/sunrsasign.jar:/Library/Java/JavaVirtualMachines/jdk1.8.0_131.jdk/Contents/Home/jre/lib/jsse.jar:/Library/Java/JavaVirtualMachines/jdk1.8.0_131.jdk/Contents/Home/jre/lib/jce.jar:/Library/Java/JavaVirtualMachines/jdk1.8.0_131.jdk/Contents/Home/jre/lib/charsets.jar:/Library/Java/JavaVirtualMachines/jdk1.8.0_131.jdk/Contents/Home/jre/lib/jfr.jar:/Library/Java/JavaVirtualMachines/jdk1.8.0_131.jdk/Contents/Home/jre/classes"/>
    <property name="sun.management.compiler" value="HotSpot 64-Bit Tiered Compilers"/>
    <property name="ftp.nonProxyHosts" value="local|*.local|169.254/16|*.169.254/16"/>
    <property name="java.runtime.version" value="1.8.0_131-b11"/>
    <property name="user.name" value="shafiqul"/>
    <property name="path.separator" value=":"/>
    <property name="os.version" value="10.12.6"/>
    <property name="java.endorsed.dirs" value="/Library/Java/JavaVirtualMachines/jdk1.8.0_131.jdk/Contents/Home/jre/lib/endorsed"/>
    <property name="java.runtime.name" value="Java(TM) SE Runtime Environment"/>
    <property name="file.encoding" value="UTF-8"/>
    <property name="java.vm.name" value="Java HotSpot(TM) 64-Bit Server VM"/>
    <property name="localRepository" value="/Users/shafiqul/.m2/repository"/>
    <property name="java.vendor.url.bug" value="http://bugreport.sun.com/bugreport/"/>
    <property name="java.io.tmpdir" value="/var/folders/7w/mw95n_7j4bdd562twys_2q640000gn/T/"/>
    <property name="idea.version" value="2017.2.2"/>
    <property name="java.version" value="1.8.0_131"/>
    <property name="user.dir" value="/Users/shafiqul/Testing Training/PeopleNTECHT/SeleniumTraining2018_March/WEB-AUTOMATION-FRAMEWORK/HealthInsurance"/>
    <property name="os.arch" value="x86_64"/>
    <property name="java.vm.specification.name" value="Java Virtual Machine Specification"/>
    <property name="java.awt.printerjob" value="sun.lwawt.macosx.CPrinterJob"/>
    <property name="sun.os.patch.level" value="unknown"/>
    <property name="java.library.path" value="/Users/shafiqul/Library/Java/Extensions:/Library/Java/Extensions:/Network/Library/Java/Extensions:/System/Library/Java/Extensions:/usr/lib/java:."/>
    <property name="java.vm.info" value="mixed mode"/>
    <property name="java.vendor" value="Oracle Corporation"/>
    <property name="java.vm.version" value="25.131-b11"/>
    <property name="java.ext.dirs" value="/Users/shafiqul/Library/Java/Extensions:/Library/Java/JavaVirtualMachines/jdk1.8.0_131.jdk/Contents/Home/jre/lib/ext:/Library/Java/Extensions:/Network/Library/Java/Extensions:/System/Library/Java/Extensions:/usr/lib/java"/>
    <property name="sun.io.unicode.encoding" value="UnicodeBig"/>
    <property name="java.class.version" value="52.0"/>
    <property name="socksNonProxyHosts" value="local|*.local|169.254/16|*.169.254/16"/>
  </properties>
  <testcase name="setUp" classname="TestHomePckg.TestHomePage" time="0.726">
    <failure message="The driver executable does not exist: /Users/shafiqul/Testing Training/PeopleNTECHT/SeleniumTraining2018_March/WEB-AUTOMATION-FRAMEWORK/HealthInsurance/../Generic/driver/chromedriver" type="java.lang.IllegalStateException">java.lang.IllegalStateException: The driver executable does not exist: /Users/shafiqul/Testing Training/PeopleNTECHT/SeleniumTraining2018_March/WEB-AUTOMATION-FRAMEWORK/HealthInsurance/../Generic/driver/chromedriver
</failure>
    <system-err><![CDATA[May 08, 2018 11:31:31 AM com.relevantcodes.extentreports.ExtentReports loadConfig
WARNING: Unable to perform report configuration. The file /Users/shafiqul/Testing Training/PeopleNTECHT/SeleniumTraining2018_March/WEB-AUTOMATION-FRAMEWORK/HealthInsurance/report-config.xml was not found.
]]></system-err>
  </testcase>
  <testcase name="setUp" classname="TestHomePckg.TestHomePage" time="0">
    <skipped/>
  </testcase>
  <testcase name="setUp" classname="TestHomePckg.TestHomePage" time="0">
    <skipped/>
  </testcase>
  <testcase name="setUp" classname="TestHomePckg.TestHomePage" time="0">
    <skipped/>
  </testcase>
  <testcase name="setUp" classname="TestHomePckg.TestHomePage" time="0">
    <skipped/>
  </testcase>
  <testcase name="setUp" classname="TestHomePckg.TestHomePage" time="0">
    <skipped/>
  </testcase>
  <testcase name="setUp" classname="TestHomePckg.TestHomePage" time="0">
    <skipped/>
  </testcase>
  <testcase name="setUp" classname="TestHomePckg.TestHomePage" time="0">
    <skipped/>
  </testcase>
  <testcase name="setUp" classname="TestHomePckg.TestHomePage" time="0">
    <skipped/>
  </testcase>
  <testcase name="startExtent" classname="TestHomePckg.TestHomePage" time="0">
    <skipped/>
  </testcase>
  <testcase name="startExtent" classname="TestHomePckg.TestHomePage" time="0">
    <skipped/>
  </testcase>
  <testcase name="startExtent" classname="TestHomePckg.TestHomePage" time="0">
    <skipped/>
  </testcase>
  <testcase name="startExtent" classname="TestHomePckg.TestHomePage" time="0">
    <skipped/>
  </testcase>
  <testcase name="startExtent" classname="TestHomePckg.TestHomePage" time="0">
    <skipped/>
  </testcase>
  <testcase name="startExtent" classname="TestHomePckg.TestHomePage" time="0">
    <skipped/>
  </testcase>
  <testcase name="startExtent" classname="TestHomePckg.TestHomePage" time="0">
    <skipped/>
  </testcase>
  <testcase name="startExtent" classname="TestHomePckg.TestHomePage" time="0">
    <skipped/>
  </testcase>
  <testcase name="startExtent" classname="TestHomePckg.TestHomePage" time="0">
    <skipped/>
  </testcase>
  <testcase name="initialization" classname="TestHomePckg.TestHomePage" time="0">
    <skipped/>
  </testcase>
  <testcase name="initialization" classname="TestHomePckg.TestHomePage" time="0">
    <skipped/>
  </testcase>
  <testcase name="initialization" classname="TestHomePckg.TestHomePage" time="0">
    <skipped/>
  </testcase>
  <testcase name="initialization" classname="TestHomePckg.TestHomePage" time="0">
    <skipped/>
  </testcase>
  <testcase name="initialization" classname="TestHomePckg.TestHomePage" time="0">
    <skipped/>
  </testcase>
  <testcase name="initialization" classname="TestHomePckg.TestHomePage" time="0">
    <skipped/>
  </testcase>
  <testcase name="initialization" classname="TestHomePckg.TestHomePage" time="0">
    <skipped/>
  </testcase>
  <testcase name="initialization" classname="TestHomePckg.TestHomePage" time="0">
    <skipped/>
  </testcase>
  <testcase name="initialization" classname="TestHomePckg.TestHomePage" time="0">
    <skipped/>
  </testcase>
  <testcase name="TestURL" classname="TestHomePckg.TestHomePage" time="0">
    <skipped message="The driver executable does not exist: /Users/shafiqul/Testing Training/PeopleNTECHT/SeleniumTraining2018_March/WEB-AUTOMATION-FRAMEWORK/HealthInsurance/../Generic/driver/chromedriver"/>
  </testcase>
  <testcase name="afterEachTestMethod" classname="TestHomePckg.TestHomePage" time="0">
    <skipped/>
  </testcase>
  <testcase name="afterEachTestMethod" classname="TestHomePckg.TestHomePage" time="0">
    <skipped/>
  </testcase>
  <testcase name="afterEachTestMethod" classname="TestHomePckg.TestHomePage" time="0">
    <skipped/>
  </testcase>
  <testcase name="afterEachTestMethod" classname="TestHomePckg.TestHomePage" time="0">
    <skipped/>
  </testcase>
  <testcase name="afterEachTestMethod" classname="TestHomePckg.TestHomePage" time="0">
    <skipped/>
  </testcase>
  <testcase name="afterEachTestMethod" classname="TestHomePckg.TestHomePage" time="0">
    <skipped/>
  </testcase>
  <testcase name="afterEachTestMethod" classname="TestHomePckg.TestHomePage" time="0">
    <skipped/>
  </testcase>
  <testcase name="afterEachTestMethod" classname="TestHomePckg.TestHomePage" time="0">
    <skipped/>
  </testcase>
  <testcase name="afterEachTestMethod" classname="TestHomePckg.TestHomePage" time="0">
    <skipped/>
  </testcase>
  <testcase name="cleanUp" classname="TestHomePckg.TestHomePage" time="0">
    <skipped/>
  </testcase>
  <testcase name="cleanUp" classname="TestHomePckg.TestHomePage" time="0">
    <skipped/>
  </testcase>
  <testcase name="cleanUp" classname="TestHomePckg.TestHomePage" time="0">
    <skipped/>
  </testcase>
  <testcase name="cleanUp" classname="TestHomePckg.TestHomePage" time="0">
    <skipped/>
  </testcase>
  <testcase name="cleanUp" classname="TestHomePckg.TestHomePage" time="0">
    <skipped/>
  </testcase>
  <testcase name="cleanUp" classname="TestHomePckg.TestHomePage" time="0">
    <skipped/>
  </testcase>
  <testcase name="cleanUp" classname="TestHomePckg.TestHomePage" time="0">
    <skipped/>
  </testcase>
  <testcase name="cleanUp" classname="TestHomePckg.TestHomePage" time="0">
    <skipped/>
  </testcase>
  <testcase name="cleanUp" classname="TestHomePckg.TestHomePage" time="0">
    <skipped/>
  </testcase>
  <testcase name="TestTitleVerification" classname="TestHomePckg.TestHomePage" time="0">
    <skipped message="The driver executable does not exist: /Users/shafiqul/Testing Training/PeopleNTECHT/SeleniumTraining2018_March/WEB-AUTOMATION-FRAMEWORK/HealthInsurance/../Generic/driver/chromedriver"/>
  </testcase>
  <testcase name="Testlink" classname="TestHomePckg.TestHomePage" time="0">
    <skipped message="The driver executable does not exist: /Users/shafiqul/Testing Training/PeopleNTECHT/SeleniumTraining2018_March/WEB-AUTOMATION-FRAMEWORK/HealthInsurance/../Generic/driver/chromedriver"/>
  </testcase>
  <testcase name="TestSearchPlan" classname="TestHomePckg.TestHomePage" time="0">
    <skipped message="The driver executable does not exist: /Users/shafiqul/Testing Training/PeopleNTECHT/SeleniumTraining2018_March/WEB-AUTOMATION-FRAMEWORK/HealthInsurance/../Generic/driver/chromedriver"/>
  </testcase>
  <testcase name="TestSearchByCode" classname="TestHomePckg.TestHomePage" time="0">
    <skipped message="The driver executable does not exist: /Users/shafiqul/Testing Training/PeopleNTECHT/SeleniumTraining2018_March/WEB-AUTOMATION-FRAMEWORK/HealthInsurance/../Generic/driver/chromedriver"/>
  </testcase>
  <testcase name="TestAvailablePlans" classname="TestHomePckg.TestHomePage" time="0">
    <skipped message="The driver executable does not exist: /Users/shafiqul/Testing Training/PeopleNTECHT/SeleniumTraining2018_March/WEB-AUTOMATION-FRAMEWORK/HealthInsurance/../Generic/driver/chromedriver"/>
  </testcase>
  <testcase name="TestHealthlink" classname="TestHomePckg.TestHomePage" time="0">
    <skipped message="The driver executable does not exist: /Users/shafiqul/Testing Training/PeopleNTECHT/SeleniumTraining2018_March/WEB-AUTOMATION-FRAMEWORK/HealthInsurance/../Generic/driver/chromedriver"/>
  </testcase>
  <testcase name="TestPhoneNUMBER" classname="TestHomePckg.TestHomePage" time="0">
    <skipped message="The driver executable does not exist: /Users/shafiqul/Testing Training/PeopleNTECHT/SeleniumTraining2018_March/WEB-AUTOMATION-FRAMEWORK/HealthInsurance/../Generic/driver/chromedriver"/>
  </testcase>
  <testcase name="setUp" classname="TestHomePckg.TestInsurancePlan" time="0">
    <skipped/>
  </testcase>
  <testcase name="setUp" classname="TestHomePckg.TestInsurancePlan" time="0">
    <skipped/>
  </testcase>
  <testcase name="startExtent" classname="TestHomePckg.TestInsurancePlan" time="0">
    <skipped/>
  </testcase>
  <testcase name="startExtent" classname="TestHomePckg.TestInsurancePlan" time="0">
    <skipped/>
  </testcase>
  <testcase name="TestAvailablePlan" classname="TestHomePckg.TestInsurancePlan" time="0">
    <skipped message="The driver executable does not exist: /Users/shafiqul/Testing Training/PeopleNTECHT/SeleniumTraining2018_March/WEB-AUTOMATION-FRAMEWORK/HealthInsurance/../Generic/driver/chromedriver"/>
  </testcase>
  <testcase name="afterEachTestMethod" classname="TestHomePckg.TestInsurancePlan" time="0">
    <skipped/>
  </testcase>
  <testcase name="afterEachTestMethod" classname="TestHomePckg.TestInsurancePlan" time="0">
    <skipped/>
  </testcase>
  <testcase name="cleanUp" classname="TestHomePckg.TestInsurancePlan" time="0">
    <skipped/>
  </testcase>
  <testcase name="cleanUp" classname="TestHomePckg.TestInsurancePlan" time="0">
    <skipped/>
  </testcase>
  <testcase name="ShopForInsurance" classname="TestHomePckg.TestHomePage" time="0">
    <skipped message="The driver executable does not exist: /Users/shafiqul/Testing Training/PeopleNTECHT/SeleniumTraining2018_March/WEB-AUTOMATION-FRAMEWORK/HealthInsurance/../Generic/driver/chromedriver"/>
  </testcase>
  <testcase name="TestHealthPlan" classname="TestHomePckg.TestInsurancePlan" time="0">
    <skipped message="The driver executable does not exist: /Users/shafiqul/Testing Training/PeopleNTECHT/SeleniumTraining2018_March/WEB-AUTOMATION-FRAMEWORK/HealthInsurance/../Generic/driver/chromedriver"/>
  </testcase>
  <testcase name="setUp" classname="TestHomePckg.TestRegistrationPage" time="0">
    <skipped/>
  </testcase>
  <testcase name="startExtent" classname="TestHomePckg.TestRegistrationPage" time="0">
    <skipped/>
  </testcase>
  <testcase name="TestRegistration" classname="TestHomePckg.TestRegistrationPage" time="0">
    <skipped message="The driver executable does not exist: /Users/shafiqul/Testing Training/PeopleNTECHT/SeleniumTraining2018_March/WEB-AUTOMATION-FRAMEWORK/HealthInsurance/../Generic/driver/chromedriver"/>
  </testcase>
  <testcase name="afterEachTestMethod" classname="TestHomePckg.TestRegistrationPage" time="0">
    <skipped/>
  </testcase>
  <testcase name="cleanUp" classname="TestHomePckg.TestRegistrationPage" time="0">
    <skipped/>
  </testcase>
  <testcase name="setUp" classname="TestHomePckg.TestSearchItems" time="0">
    <skipped/>
  </testcase>
  <testcase name="startExtent" classname="TestHomePckg.TestSearchItems" time="0">
    <skipped/>
  </testcase>
  <testcase name="initialization" classname="TestHomePckg.TestSearchItems" time="0">
    <skipped/>
  </testcase>
  <testcase name="verifyDataReaderExcel" classname="TestHomePckg.TestSearchItems" time="0">
    <skipped message="The driver executable does not exist: /Users/shafiqul/Testing Training/PeopleNTECHT/SeleniumTraining2018_March/WEB-AUTOMATION-FRAMEWORK/HealthInsurance/../Generic/driver/chromedriver"/>
  </testcase>
  <testcase name="afterEachTestMethod" classname="TestHomePckg.TestSearchItems" time="0">
    <skipped/>
  </testcase>
  <testcase name="cleanUp" classname="TestHomePckg.TestSearchItems" time="0">
    <skipped/>
  </testcase>
  <testcase name="generateReport" classname="TestHomePckg.TestHomePage" time="0">
    <skipped/>
  </testcase>
</testsuite>