<?xml version="1.0" encoding="UTF-8"?>
<!-- Generated by org.testng.reporters.JUnitReportReporter -->
<testsuite skipped="2" hostname="shafiqulmcbk.T-mobile.com" name="TestHomePckg.TestInsurancePlan" tests="2" failures="0" timestamp="08 May 2018 15:31:31 GMT" time="0.000" errors="0">
  <testcase name="TestAvailablePlan" time="0.000" classname="TestHomePckg.TestInsurancePlan">
    <skipped/>
  </testcase> <!-- TestAvailablePlan -->
  <testcase name="TestHealthPlan" time="0.000" classname="TestHomePckg.TestInsurancePlan">
    <skipped/>
  </testcase> <!-- TestHealthPlan -->
</testsuite> <!-- TestHomePckg.TestInsurancePlan -->
