<?xml version="1.0" encoding="UTF-8"?>
<!-- Generated by org.testng.reporters.JUnitReportReporter -->
<testsuite skipped="0" hostname="shafiqulmcbk.T-mobile.com" name="TestHomePckg.TestInsurancePlan" tests="2" failures="0" timestamp="16 May 2018 23:16:37 GMT" time="19.612" errors="0">
  <testcase name="TestAvailablePlan" time="13.776" classname="TestHomePckg.TestInsurancePlan"/>
  <testcase name="TestHealthPlan" time="5.836" classname="TestHomePckg.TestInsurancePlan"/>
</testsuite> <!-- TestHomePckg.TestInsurancePlan -->
