<?xml version="1.0" encoding="UTF-8"?>
<!-- Generated by org.testng.reporters.JUnitReportReporter -->
<testsuite skipped="9" hostname="shafiqulmcbk.T-mobile.com" name="TestHomePckg.TestHomePage" tests="10" failures="0" timestamp="08 May 2018 15:31:31 GMT" time="0.054" errors="1">
  <testcase name="setUp" time="0.054" classname="TestHomePckg.TestHomePage">
    <error type="java.lang.IllegalStateException" message="The driver executable does not exist: /Users/shafiqul/Testing Training/PeopleNTECHT/SeleniumTraining2018_March/WEB-AUTOMATION-FRAMEWORK/HealthInsurance/../Generic/driver/chromedriver">
      <![CDATA[java.lang.IllegalStateException: The driver executable does not exist: /Users/shafiqul/Testing Training/PeopleNTECHT/SeleniumTraining2018_March/WEB-AUTOMATION-FRAMEWORK/HealthInsurance/../Generic/driver/chromedriverat com.google.common.base.Preconditions.checkState(Preconditions.java:534)at org.openqa.selenium.remote.service.DriverService.checkExecutable(DriverService.java:136)at org.openqa.selenium.remote.service.DriverService.findExecutable(DriverService.java:131)at org.openqa.selenium.chrome.ChromeDriverService.access$000(ChromeDriverService.java:32)at org.openqa.selenium.chrome.ChromeDriverService$Builder.findDefaultExecutable(ChromeDriverService.java:137)at org.openqa.selenium.remote.service.DriverService$Builder.build(DriverService.java:339)at org.openqa.selenium.chrome.ChromeDriverService.createDefaultService(ChromeDriverService.java:88)at org.openqa.selenium.chrome.ChromeDriver.<init>(ChromeDriver.java:123)at base.CommonAPI.getLocalDriver(CommonAPI.java:139)at base.CommonAPI.setUp(CommonAPI.java:122)at sun.reflect.NativeMethodAccessorImpl.invoke0(Native Method)at sun.reflect.NativeMethodAccessorImpl.invoke(NativeMethodAccessorImpl.java:62)at sun.reflect.DelegatingMethodAccessorImpl.invoke(DelegatingMethodAccessorImpl.java:43)at java.lang.reflect.Method.invoke(Method.java:498)at org.testng.internal.MethodInvocationHelper.invokeMethod(MethodInvocationHelper.java:124)at org.testng.internal.MethodInvocationHelper.invokeMethodConsideringTimeout(MethodInvocationHelper.java:59)at org.testng.internal.Invoker.invokeConfigurationMethod(Invoker.java:451)at org.testng.internal.Invoker.invokeConfigurations(Invoker.java:222)at org.testng.internal.Invoker.invokeMethod(Invoker.java:516)at org.testng.internal.Invoker.invokeTestMethod(Invoker.java:707)at org.testng.internal.Invoker.invokeTestMethods(Invoker.java:979)at org.testng.internal.TestMethodWorker.invokeTestMethods(TestMethodWorker.java:125)at org.testng.internal.TestMethodWorker.run(TestMethodWorker.java:109)at org.testng.TestRunner.privateRun(TestRunner.java:648)at org.testng.TestRunner.run(TestRunner.java:505)at org.testng.SuiteRunner.runTest(SuiteRunner.java:455)at org.testng.SuiteRunner.runSequentially(SuiteRunner.java:450)at org.testng.SuiteRunner.privateRun(SuiteRunner.java:415)at org.testng.SuiteRunner.run(SuiteRunner.java:364)at org.testng.SuiteRunnerWorker.runSuite(SuiteRunnerWorker.java:52)at org.testng.SuiteRunnerWorker.run(SuiteRunnerWorker.java:84)at org.testng.TestNG.runSuitesSequentially(TestNG.java:1187)at org.testng.TestNG.runSuitesLocally(TestNG.java:1116)at org.testng.TestNG.runSuites(TestNG.java:1028)at org.testng.TestNG.run(TestNG.java:996)at org.apache.maven.surefire.testng.TestNGExecutor.run(TestNGExecutor.java:283)at org.apache.maven.surefire.testng.TestNGXmlTestSuite.execute(TestNGXmlTestSuite.java:75)at org.apache.maven.surefire.testng.TestNGProvider.invoke(TestNGProvider.java:120)at org.apache.maven.surefire.booter.ForkedBooter.invokeProviderInSameClassLoader(ForkedBooter.java:373)at org.apache.maven.surefire.booter.ForkedBooter.runSuitesInProcess(ForkedBooter.java:334)at org.apache.maven.surefire.booter.ForkedBooter.execute(ForkedBooter.java:119)at org.apache.maven.surefire.booter.ForkedBooter.main(ForkedBooter.java:407)]]>
    </error>
  </testcase> <!-- setUp -->
  <testcase name="TestURL" time="0.000" classname="TestHomePckg.TestHomePage">
    <skipped/>
  </testcase> <!-- TestURL -->
  <testcase name="TestTitleVerification" time="0.000" classname="TestHomePckg.TestHomePage">
    <skipped/>
  </testcase> <!-- TestTitleVerification -->
  <testcase name="Testlink" time="0.000" classname="TestHomePckg.TestHomePage">
    <skipped/>
  </testcase> <!-- Testlink -->
  <testcase name="TestSearchPlan" time="0.000" classname="TestHomePckg.TestHomePage">
    <skipped/>
  </testcase> <!-- TestSearchPlan -->
  <testcase name="TestSearchByCode" time="0.000" classname="TestHomePckg.TestHomePage">
    <skipped/>
  </testcase> <!-- TestSearchByCode -->
  <testcase name="TestAvailablePlans" time="0.000" classname="TestHomePckg.TestHomePage">
    <skipped/>
  </testcase> <!-- TestAvailablePlans -->
  <testcase name="TestHealthlink" time="0.000" classname="TestHomePckg.TestHomePage">
    <skipped/>
  </testcase> <!-- TestHealthlink -->
  <testcase name="TestPhoneNUMBER" time="0.000" classname="TestHomePckg.TestHomePage">
    <skipped/>
  </testcase> <!-- TestPhoneNUMBER -->
  <testcase name="ShopForInsurance" time="0.000" classname="TestHomePckg.TestHomePage">
    <skipped/>
  </testcase> <!-- ShopForInsurance -->
</testsuite> <!-- TestHomePckg.TestHomePage -->
