<?xml version="1.0" encoding="UTF-8"?>
<!-- Generated by org.testng.reporters.JUnitReportReporter -->
<testsuite skipped="0" hostname="shafiqulmcbk.T-mobile.com" name="TestHomePckg.TestSearchItems" tests="1" failures="0" timestamp="16 May 2018 23:16:37 GMT" time="3.292" errors="0">
  <testcase name="verifyDataReaderExcel" time="3.292" classname="TestHomePckg.TestSearchItems"/>
</testsuite> <!-- TestHomePckg.TestSearchItems -->
