<?xml version="1.0" encoding="UTF-8"?>
<!-- Generated by org.testng.reporters.JUnitReportReporter -->
<testsuite skipped="1" hostname="shafiqulmcbk.T-mobile.com" name="TestHomePckg.TestSearchItems" tests="1" failures="0" timestamp="08 May 2018 15:31:31 GMT" time="0.000" errors="0">
  <testcase name="verifyDataReaderExcel" time="0.000" classname="TestHomePckg.TestSearchItems">
    <skipped/>
  </testcase> <!-- verifyDataReaderExcel -->
</testsuite> <!-- TestHomePckg.TestSearchItems -->
