<?xml version="1.0" encoding="UTF-8"?>
<!-- Generated by org.testng.reporters.JUnitReportReporter -->
<testsuite skipped="0" hostname="shafiqulmcbk.T-mobile.com" name="TestHomePckg.TestHomePage" tests="4" failures="0" timestamp="18 Jan 2018 05:58:10 GMT" time="23.669" errors="0">
  <testcase name="TestSearchPlan" time="11.392" classname="TestHomePckg.TestHomePage"/>
  <testcase name="TestURL" time="3.971" classname="TestHomePckg.TestHomePage"/>
  <testcase name="TestTitleVerification" time="3.345" classname="TestHomePckg.TestHomePage"/>
  <testcase name="Testlink" time="4.961" classname="TestHomePckg.TestHomePage"/>
</testsuite> <!-- TestHomePckg.TestHomePage -->
